[22/11/2025, 10:24:49 p.m.] - NUEVO MAESTRO REGISTRADO: Jeffrey (jeffreygonzalez025@gmail.com)
[23/11/2025, 1:17:57 a.m.] - NUEVO MAESTRO REGISTRADO: Kira (jeffreyglez025@gmail.com)
[23/11/2025, 1:49:46 a.m.] - NUEVO MAESTRO REGISTRADO: Jeffrey (L22520168@chilpancingo.tecnm.mx)
[25/11/2025, 10:20:09 a.m.] - CLASE ASIGNADA: Maestro ID 1 en Aula ID 1 (Martes 07:00:00)
[25/11/2025, 10:22:22 a.m.] - CLASE ASIGNADA: Maestro ID 1 en Aula ID 1 (Miercoles 07:00:00)
[25/11/2025, 10:22:25 a.m.] - CLASE ASIGNADA: Maestro ID 1 en Aula ID 1 (Jueves 07:00:00)
[25/11/2025, 10:22:28 a.m.] - CLASE ASIGNADA: Maestro ID 1 en Aula ID 1 (Viernes 07:00:00)
[25/11/2025, 10:22:44 a.m.] - CLASE ASIGNADA: Maestro ID 2 en Aula ID 11 (Martes 07:00:00)
[25/11/2025, 10:22:55 a.m.] - CLASE ASIGNADA: Maestro ID 2 en Aula ID 11 (Martes 08:00:00)
[25/11/2025, 10:23:02 a.m.] - CLASE ASIGNADA: Maestro ID 2 en Aula ID 11 (Miercoles 08:00:00)
[25/11/2025, 10:23:06 a.m.] - CLASE ASIGNADA: Maestro ID 2 en Aula ID 11 (Jueves 08:00:00)
[25/11/2025, 10:23:09 a.m.] - CLASE ASIGNADA: Maestro ID 2 en Aula ID 11 (Viernes 08:00:00)
[25/11/2025, 10:23:35 a.m.] - CLASE ASIGNADA: Maestro ID 5 en Aula ID 11 (Miercoles 07:00:00)
[25/11/2025, 10:23:39 a.m.] - CLASE ASIGNADA: Maestro ID 5 en Aula ID 11 (Jueves 07:00:00)
[25/11/2025, 10:23:43 a.m.] - CLASE ASIGNADA: Maestro ID 5 en Aula ID 11 (Viernes 07:00:00)
[25/11/2025, 10:23:59 a.m.] - CLASE ASIGNADA: Maestro ID 5 en Aula ID 20 (Martes 08:00:00)
[25/11/2025, 10:24:05 a.m.] - CLASE ASIGNADA: Maestro ID 5 en Aula ID 20 (Miercoles 08:00:00)
[25/11/2025, 10:24:09 a.m.] - CLASE ASIGNADA: Maestro ID 5 en Aula ID 20 (Jueves 08:00:00)
[25/11/2025, 10:24:13 a.m.] - CLASE ASIGNADA: Maestro ID 5 en Aula ID 20 (Viernes 08:00:00)
[25/11/2025, 10:45:01 a.m.] - SEMANA COMPLETA ASIGNADA: Maestro 1 en Aula 1 a las 08:00:00
[25/11/2025, 11:16:17 a.m.] - CLASE ELIMINADA: Aula 11, Lunes a las 07:00:00
[25/11/2025, 11:16:20 a.m.] - CLASE ELIMINADA: Aula 11, Martes a las 07:00:00
[25/11/2025, 11:16:26 a.m.] - CLASE ELIMINADA: Aula 11, Miercoles a las 07:00:00
[25/11/2025, 11:16:31 a.m.] - CLASE ELIMINADA: Aula 11, Jueves a las 07:00:00
[25/11/2025, 11:16:33 a.m.] - CLASE ELIMINADA: Aula 11, Viernes a las 07:00:00
[25/11/2025, 11:16:49 a.m.] - SEMANA COMPLETA ASIGNADA: Maestro 5 en Aula 11 a las 07:00:00
[25/11/2025, 11:21:35 a.m.] - ASIGNACIÓN 6 CRÉDITOS: Maestro 1, Aula 11, 13:00:00
[25/11/2025, 11:22:16 a.m.] - ASIGNACIÓN 4 CRÉDITOS: Maestro 1, Aula 11, 07:00:00
[25/11/2025, 11:22:30 a.m.] - ASIGNACIÓN 5 CRÉDITOS: Maestro 1, Aula 11, 08:00:00
[25/11/2025, 11:40:40 a.m.] - ASIGNACIÓN 5 CRÉDITOS: Maestro 1, Aula 11, 09:00:00
[25/11/2025, 11:40:49 a.m.] - ASIGNACIÓN 5 CRÉDITOS: Maestro 1, Aula 11, 10:00:00
[25/11/2025, 11:41:02 a.m.] - ASIGNACIÓN 6 CRÉDITOS: Maestro 1, Aula 11, 11:00:00
[25/11/2025, 11:41:07 a.m.] - CLASE ELIMINADA: Aula 11, Viernes a las 12:00:00
[25/11/2025, 11:41:13 a.m.] - CLASE ELIMINADA: Aula 11, Viernes a las 11:00:00
[25/11/2025, 11:41:15 a.m.] - CLASE ELIMINADA: Aula 11, Miercoles a las 11:00:00
[25/11/2025, 11:41:18 a.m.] - CLASE ELIMINADA: Aula 11, Jueves a las 11:00:00
[25/11/2025, 11:41:20 a.m.] - CLASE ELIMINADA: Aula 11, Martes a las 11:00:00
[25/11/2025, 11:41:22 a.m.] - CLASE ELIMINADA: Aula 11, Lunes a las 11:00:00
[25/11/2025, 11:41:24 a.m.] - ASIGNACIÓN 6 CRÉDITOS: Maestro 1, Aula 11, 11:00:00
[25/11/2025, 11:45:44 a.m.] - CLASE ELIMINADA: Aula 11, Viernes a las 12:00:00
[25/11/2025, 11:45:47 a.m.] - CLASE ELIMINADA: Aula 11, Viernes a las 11:00:00
[25/11/2025, 11:45:49 a.m.] - CLASE ELIMINADA: Aula 11, Miercoles a las 11:00:00
[25/11/2025, 11:45:53 a.m.] - CLASE ELIMINADA: Aula 11, Jueves a las 11:00:00
[25/11/2025, 11:45:55 a.m.] - CLASE ELIMINADA: Aula 11, Martes a las 11:00:00
[25/11/2025, 11:45:57 a.m.] - CLASE ELIMINADA: Aula 11, Lunes a las 11:00:00
[25/11/2025, 12:13:54 p.m.] - USUARIO ELIMINADO: Jeffrey (L22520168@chilpancingo.tecnm.mx) fue dado de baja por el Subdirector.
[30/11/2025, 6:33:18 p.m.] - GRUPO ELIMINADO: ID 1
[30/11/2025, 6:33:20 p.m.] - GRUPO ELIMINADO: ID 2
[30/11/2025, 6:33:22 p.m.] - GRUPO ELIMINADO: ID 3
[30/11/2025, 6:33:25 p.m.] - GRUPO ELIMINADO: ID 4
[30/11/2025, 6:33:27 p.m.] - GRUPO ELIMINADO: ID 5
[30/11/2025, 6:33:38 p.m.] - GRUPO CREADO: Grupo A (26 alumnos)
[30/11/2025, 7:25:46 p.m.] - ASIGNACIÓN: Administración de Bases de Datos - Grupo ID 6
[30/11/2025, 7:26:12 p.m.] - ASIGNACIÓN: Gestión de Proyectos de Software - Grupo ID 6
[30/11/2025, 7:28:07 p.m.] - ASIGNACIÓN: Administración de Bases de Datos - Grupo ID 6
[30/11/2025, 9:12:48 p.m.] - NUEVO USUARIO (maestro): Cristian (cristian@gmail.com)
[30/11/2025, 9:13:58 p.m.] - ASIGNACIÓN: Administración de Bases de Datos - Grupo 6
[1/12/2025, 11:00:02 p.m.] - GRUPO CREADO: Grupo B (23 alumnos generados)
[2/12/2025, 10:21:30 a.m.] - GRUPO CREADO: Grupo C (25 alumnos generados)
[2/12/2025, 10:50:41 a.m.] - ASIGNACIÓN: Cálculo Diferencial (SIN DOCENTE)
[2/12/2025, 8:15:51 p.m.] - ASIGNACIÓN: Cálculo Diferencial - Grupo 6 (Vacante)
[3/12/2025, 12:55:25 a.m.] - ASIGNACIÓN: Fundamentos de Investigación - Grupo 7 (Con Docente)
[3/12/2025, 1:12:15 a.m.] - ASIGNACIÓN: Fundamentos de Programación - Grupo 6 (Con Docente)
[3/12/2025, 1:22:33 a.m.] - ASIGNACIÓN: Fundamentos de Programación - Grupo 6
[3/12/2025, 1:31:32 a.m.] - ASIGNACIÓN: Fundamentos de Programación - Grupo 6
[3/12/2025, 1:32:17 a.m.] - ASIGNACIÓN: Fundamentos de Bases de Datos - Grupo 6
[3/12/2025, 3:05:54 a.m.] - GRUPO ELIMINADO: ID 8
[3/12/2025, 3:06:10 a.m.] - GRUPO CREADO: Grupo C (Semestre 7)
[3/12/2025, 3:08:10 a.m.] - GRUPO ELIMINADO: ID 9
[3/12/2025, 3:08:21 a.m.] - GRUPO CREADO: Grupo C (Semestre 7)
[3/12/2025, 3:08:42 a.m.] - GRUPO ELIMINADO: ID 10
[3/12/2025, 3:08:51 a.m.] - GRUPO CREADO: Grupo C (Semestre 7, 22 alumnos)
[3/12/2025, 10:43:40 a.m.] - VACANTE CUBIERTA: Maestro 1 tomó materia 1
[3/12/2025, 10:43:51 a.m.] - VACANTE CUBIERTA: Maestro 1 tomó materia 6
[4/12/2025, 11:53:34 a.m.] - ASIGNACIÓN: Fundamentos de Investigación - Gpo 6
[4/12/2025, 12:45:20 p.m.] - ASIGNACIÓN: Taller de Ética - Gpo 6
[4/12/2025, 1:23:24 p.m.] - MATERIA ASIGNADA: Docente 8 - Materia 11
[4/12/2025, 1:23:48 p.m.] - MATERIA ASIGNADA: Docente 8 - Materia 2
[4/12/2025, 1:24:10 p.m.] - ASIGNACIÓN: Fundamentos de Programación - Gpo 6
[4/12/2025, 1:53:08 p.m.] - ASIGNACIÓN: Matemáticas Discretas - Gpo 7
[4/12/2025, 1:54:50 p.m.] - MATERIA ASIGNADA: Docente 1 - Materia 4
[5/12/2025, 3:17:09 a.m.] - MATERIA ASIGNADA: Docente 8 - Materia 1
[5/12/2025, 3:17:20 a.m.] - MATERIA ASIGNADA: Docente 8 - Materia 6
[5/12/2025, 3:17:32 a.m.] - MATERIA ASIGNADA: Docente 8 - Materia 3
[5/12/2025, 3:17:42 a.m.] - MATERIA ASIGNADA: Docente 8 - Materia 5
